<?xml version="1.0" encoding="UTF-8"?>
<testsuite xmlns:xsi="http://www.w3.org/2001/XMLSchema-instance" xsi:noNamespaceSchemaLocation="https://maven.apache.org/surefire/maven-surefire-plugin/xsd/surefire-test-report.xsd" version="3.0.2" name="com.kku.sqa.lab9.playlist.NowPlayingTest" time="0.033" tests="3" errors="0" skipped="0" failures="0">
  <properties>
[...]
</properties>
  <testcase name="getMoviesByCinemaType_noMatches_returnsEmptyList" classname="com.kku.sqa.lab9.playlist.NowPlayingTest" time="0.018"/>
  <testcase name="getMoviesByCinemaType_vipOnly_returnsOnlyVipMovies" classname="com.kku.sqa.lab9.playlist.NowPlayingTest" time="0.002"/>
  <testcase name="getMoviesByCinemaType_isCaseInsensitive" classname="com.kku.sqa.lab9.playlist.NowPlayingTest" time="0.001"/>
</testsuite>